<?xml version="1.0" encoding="UTF-8"?>
<testng-results ignored="0" total="1" passed="1" failed="0" skipped="0">
  <reporter-output>
  </reporter-output>
  <suite started-at="2025-04-17T22:51:48 IST" name="Default suite" finished-at="2025-04-17T22:52:05 IST" duration-ms="16844">
    <groups>
    </groups>
    <test started-at="2025-04-17T22:51:48 IST" name="Default test" finished-at="2025-04-17T22:52:05 IST" duration-ms="16844">
      <class name="pagefactory.LoginTest">
        <test-method is-config="true" signature="initilizeBrowser()[pri:0, instance:pagefactory.LoginTest@689604d9]" started-at="2025-04-17T22:51:33 IST" name="initilizeBrowser" finished-at="2025-04-17T22:51:48 IST" duration-ms="15383" status="PASS">
          <reporter-output>
          </reporter-output>
        </test-method> <!-- initilizeBrowser -->
        <test-method signature="init()[pri:0, instance:pagefactory.LoginTest@689604d9]" started-at="2025-04-17T22:51:49 IST" name="init" finished-at="2025-04-17T22:52:05 IST" duration-ms="16750" status="PASS">
          <reporter-output>
          </reporter-output>
        </test-method> <!-- init -->
        <test-method is-config="true" signature="closeBrowser()[pri:0, instance:pagefactory.LoginTest@689604d9]" started-at="2025-04-17T22:52:05 IST" name="closeBrowser" finished-at="2025-04-17T22:52:06 IST" duration-ms="370" status="PASS">
          <reporter-output>
          </reporter-output>
        </test-method> <!-- closeBrowser -->
      </class> <!-- pagefactory.LoginTest -->
    </test> <!-- Default test -->
  </suite> <!-- Default suite -->
</testng-results>
